[debug] [2021-04-13T13:23:15.898Z] ----------------------------------------------------------------------
[debug] [2021-04-13T13:23:15.901Z] Command:       C:\Program Files\nodejs\node.exe C:\Users\jasko\AppData\Roaming\npm\node_modules\firebase-tools\lib\bin\firebase.js emulators:start --only functions
[debug] [2021-04-13T13:23:15.901Z] CLI Version:   9.9.0
[debug] [2021-04-13T13:23:15.901Z] Platform:      win32
[debug] [2021-04-13T13:23:15.901Z] Node Version:  v14.16.0
[debug] [2021-04-13T13:23:15.907Z] Time:          Tue Apr 13 2021 15:23:15 GMT+0200 (czas środkowoeuropejski letni)
[debug] [2021-04-13T13:23:15.908Z] ----------------------------------------------------------------------
[debug] 
[debug] [2021-04-13T13:23:15.926Z] > command requires scopes: ["email","openid","https://www.googleapis.com/auth/cloudplatformprojects.readonly","https://www.googleapis.com/auth/firebase","https://www.googleapis.com/auth/cloud-platform"]
[debug] [2021-04-13T13:23:15.927Z] > authorizing via signed-in user (jaskolskirobert98@gmail.com)
[info] i  emulators: Starting emulators: functions {"metadata":{"emulator":{"name":"hub"},"message":"Starting emulators: functions"}}
[debug] [2021-04-13T13:23:15.999Z] [hub] writing locator at C:\Users\jasko\AppData\Local\Temp\hub-ecommerce-website-867c6.json
[warn] !  functions: The following emulators are not running, calls to these services from the Functions emulator will affect production: auth, firestore, database, hosting, pubsub {"metadata":{"emulator":{"name":"functions"},"message":"The following emulators are not running, calls to these services from the Functions emulator will affect production: \u001b[1mauth, firestore, database, hosting, pubsub\u001b[22m"}}
[warn] !  Your requested "node" version "12" doesn't match your global version "14" {"metadata":{"emulator":{"name":"functions"},"message":"Your requested \"node\" version \"12\" doesn't match your global version \"14\""}}
[debug] [2021-04-13T13:23:16.080Z] defaultcredentials: writing to file C:\Users\jasko\AppData\Roaming\firebase\jaskolskirobert98_gmail_com_application_default_credentials.json
[debug] [2021-04-13T13:23:16.092Z] Setting GAC to C:\Users\jasko\AppData\Roaming\firebase\jaskolskirobert98_gmail_com_application_default_credentials.json {"metadata":{"emulator":{"name":"functions"},"message":"Setting GAC to C:\\Users\\jasko\\AppData\\Roaming\\firebase\\jaskolskirobert98_gmail_com_application_default_credentials.json"}}
[debug] [2021-04-13T13:23:16.095Z] > refreshing access token with scopes: []
[debug] [2021-04-13T13:23:16.095Z] >>> HTTP REQUEST POST https://www.googleapis.com/oauth2/v3/token  
 <request body omitted>
[debug] [2021-04-13T13:23:16.437Z] <<< HTTP RESPONSE 200 {"expires":"Mon, 01 Jan 1990 00:00:00 GMT","date":"Tue, 13 Apr 2021 13:22:53 GMT","pragma":"no-cache","cache-control":"no-cache, no-store, max-age=0, must-revalidate","content-type":"application/json; charset=utf-8","vary":"X-Origin, Referer, Origin,Accept-Encoding","server":"scaffolding on HTTPServer2","x-xss-protection":"0","x-frame-options":"SAMEORIGIN","x-content-type-options":"nosniff","alt-svc":"h3-29=\":443\"; ma=2592000,h3-T051=\":443\"; ma=2592000,h3-Q050=\":443\"; ma=2592000,h3-Q046=\":443\"; ma=2592000,h3-Q043=\":443\"; ma=2592000,quic=\":443\"; ma=2592000; v=\"46,43\"","accept-ranges":"none","transfer-encoding":"chunked"}
[debug] [2021-04-13T13:23:16.462Z] >>> [apiv2][query] GET https://firebase.googleapis.com/v1beta1/projects/ecommerce-website-867c6/adminSdkConfig [none]
[debug] [2021-04-13T13:23:16.904Z] <<< [apiv2][status] GET https://firebase.googleapis.com/v1beta1/projects/ecommerce-website-867c6/adminSdkConfig 200
[debug] [2021-04-13T13:23:16.904Z] <<< [apiv2][body] GET https://firebase.googleapis.com/v1beta1/projects/ecommerce-website-867c6/adminSdkConfig {"projectId":"ecommerce-website-867c6","storageBucket":"ecommerce-website-867c6.appspot.com","locationId":"europe-west"}
[debug] [2021-04-13T13:23:16.942Z] Ignoring unsupported arg: auto_download {"metadata":{"emulator":{"name":"ui"},"message":"Ignoring unsupported arg: auto_download"}}
[debug] [2021-04-13T13:23:16.942Z] Ignoring unsupported arg: port {"metadata":{"emulator":{"name":"ui"},"message":"Ignoring unsupported arg: port"}}
[debug] [2021-04-13T13:23:16.942Z] Starting Emulator UI with command {"binary":"node","args":["C:\\Users\\jasko\\.cache\\firebase\\emulators\\ui-v1.4.2\\server.bundle.js"],"optionalArgs":[],"joinArgs":false} {"metadata":{"emulator":{"name":"ui"},"message":"Starting Emulator UI with command {\"binary\":\"node\",\"args\":[\"C:\\\\Users\\\\jasko\\\\.cache\\\\firebase\\\\emulators\\\\ui-v1.4.2\\\\server.bundle.js\"],\"optionalArgs\":[],\"joinArgs\":false}"}}
[info] i  ui: Emulator UI logging to ui-debug.log {"metadata":{"emulator":{"name":"ui"},"message":"Emulator UI logging to \u001b[1mui-debug.log\u001b[22m"}}
[debug] [2021-04-13T13:23:17.195Z] Web / API server started at http://localhost:4000
 {"metadata":{"emulator":{"name":"ui"},"message":"Web / API server started at http://localhost:4000\n"}}
[info] i  functions: Watching "C:\Users\jasko\OneDrive\Pulpit\Repozytoria\ecommerce\functions" for Cloud Functions... {"metadata":{"emulator":{"name":"functions"},"message":"Watching \"C:\\Users\\jasko\\OneDrive\\Pulpit\\Repozytoria\\ecommerce\\functions\" for Cloud Functions..."}}
[debug] [2021-04-13T13:23:17.273Z] [worker-pool] addWorker(~diagnostic~) {"metadata":{"emulator":{"name":"functions"},"message":"[worker-pool] addWorker(~diagnostic~)"}}
[debug] [2021-04-13T13:23:17.273Z] [worker-pool] Adding worker with key ~diagnostic~, total=1 {"metadata":{"emulator":{"name":"functions"},"message":"[worker-pool] Adding worker with key ~diagnostic~, total=1"}}
[debug] [2021-04-13T13:23:17.273Z] [worker-pool] submitWork(triggerId=) {"metadata":{"emulator":{"name":"functions"},"message":"[worker-pool] submitWork(triggerId=)"}}
[debug] [2021-04-13T13:23:17.274Z] [worker-~diagnostic~-825e2a51-63a3-4b3a-af4a-5d8366c56834]: Assigning socketPath: \\?\pipe\C:\Users\jasko\OneDrive\Pulpit\Repozytoria\ecommerce\functions\33684 {"metadata":{"emulator":{"name":"functions"},"message":"[worker-~diagnostic~-825e2a51-63a3-4b3a-af4a-5d8366c56834]: Assigning socketPath: \\\\?\\pipe\\C:\\Users\\jasko\\OneDrive\\Pulpit\\Repozytoria\\ecommerce\\functions\\33684"}}
[debug] [2021-04-13T13:23:17.274Z] [worker-~diagnostic~-825e2a51-63a3-4b3a-af4a-5d8366c56834]: BUSY {"metadata":{"emulator":{"name":"functions"},"message":"[worker-~diagnostic~-825e2a51-63a3-4b3a-af4a-5d8366c56834]: BUSY"}}
[debug] [2021-04-13T13:23:17.808Z] [runtime-status] [33684] Functions runtime initialized. {"cwd":"C:\\Users\\jasko\\OneDrive\\Pulpit\\Repozytoria\\ecommerce\\functions","node_version":"14.16.0"} {"metadata":{"emulator":{"name":"functions"},"message":"[runtime-status] [33684] Functions runtime initialized. {\"cwd\":\"C:\\\\Users\\\\jasko\\\\OneDrive\\\\Pulpit\\\\Repozytoria\\\\ecommerce\\\\functions\",\"node_version\":\"14.16.0\"}"}}
[debug] [2021-04-13T13:23:17.808Z] [runtime-status] [33684] Disabled runtime features: undefined {"metadata":{"emulator":{"name":"functions"},"message":"[runtime-status] [33684] Disabled runtime features: undefined"}}
[debug] [2021-04-13T13:23:17.813Z] [runtime-status] [33684] Resolved module firebase-admin {"declared":true,"installed":true,"version":"9.6.0","resolution":"C:\\Users\\jasko\\OneDrive\\Pulpit\\Repozytoria\\ecommerce\\functions\\node_modules\\firebase-admin\\lib\\index.js"} {"metadata":{"emulator":{"name":"functions"},"message":"[runtime-status] [33684] Resolved module firebase-admin {\"declared\":true,\"installed\":true,\"version\":\"9.6.0\",\"resolution\":\"C:\\\\Users\\\\jasko\\\\OneDrive\\\\Pulpit\\\\Repozytoria\\\\ecommerce\\\\functions\\\\node_modules\\\\firebase-admin\\\\lib\\\\index.js\"}"}}
[debug] [2021-04-13T13:23:17.822Z] [runtime-status] [33684] Resolved module firebase-functions {"declared":true,"installed":true,"version":"3.13.2","resolution":"C:\\Users\\jasko\\OneDrive\\Pulpit\\Repozytoria\\ecommerce\\functions\\node_modules\\firebase-functions\\lib\\index.js"} {"metadata":{"emulator":{"name":"functions"},"message":"[runtime-status] [33684] Resolved module firebase-functions {\"declared\":true,\"installed\":true,\"version\":\"3.13.2\",\"resolution\":\"C:\\\\Users\\\\jasko\\\\OneDrive\\\\Pulpit\\\\Repozytoria\\\\ecommerce\\\\functions\\\\node_modules\\\\firebase-functions\\\\lib\\\\index.js\"}"}}
[debug] [2021-04-13T13:23:17.825Z] [runtime-status] [33684] Resolved module firebase-functions {"declared":true,"installed":true,"version":"3.13.2","resolution":"C:\\Users\\jasko\\OneDrive\\Pulpit\\Repozytoria\\ecommerce\\functions\\node_modules\\firebase-functions\\lib\\index.js"} {"metadata":{"emulator":{"name":"functions"},"message":"[runtime-status] [33684] Resolved module firebase-functions {\"declared\":true,\"installed\":true,\"version\":\"3.13.2\",\"resolution\":\"C:\\\\Users\\\\jasko\\\\OneDrive\\\\Pulpit\\\\Repozytoria\\\\ecommerce\\\\functions\\\\node_modules\\\\firebase-functions\\\\lib\\\\index.js\"}"}}
[debug] [2021-04-13T13:23:17.827Z] [runtime-status] [33684] Outgoing network have been stubbed. [{"name":"http","status":"mocked"},{"name":"http","status":"mocked"},{"name":"https","status":"mocked"},{"name":"https","status":"mocked"},{"name":"net","status":"mocked"}] {"metadata":{"emulator":{"name":"functions"},"message":"[runtime-status] [33684] Outgoing network have been stubbed. [{\"name\":\"http\",\"status\":\"mocked\"},{\"name\":\"http\",\"status\":\"mocked\"},{\"name\":\"https\",\"status\":\"mocked\"},{\"name\":\"https\",\"status\":\"mocked\"},{\"name\":\"net\",\"status\":\"mocked\"}]"}}
[debug] [2021-04-13T13:23:17.828Z] [runtime-status] [33684] Resolved module firebase-functions {"declared":true,"installed":true,"version":"3.13.2","resolution":"C:\\Users\\jasko\\OneDrive\\Pulpit\\Repozytoria\\ecommerce\\functions\\node_modules\\firebase-functions\\lib\\index.js"} {"metadata":{"emulator":{"name":"functions"},"message":"[runtime-status] [33684] Resolved module firebase-functions {\"declared\":true,\"installed\":true,\"version\":\"3.13.2\",\"resolution\":\"C:\\\\Users\\\\jasko\\\\OneDrive\\\\Pulpit\\\\Repozytoria\\\\ecommerce\\\\functions\\\\node_modules\\\\firebase-functions\\\\lib\\\\index.js\"}"}}
[debug] [2021-04-13T13:23:17.964Z] [runtime-status] [33684] Checked functions.config() {"config":{}} {"metadata":{"emulator":{"name":"functions"},"message":"[runtime-status] [33684] Checked functions.config() {\"config\":{}}"}}
[debug] [2021-04-13T13:23:17.965Z] [runtime-status] [33684] firebase-functions has been stubbed. {"functionsResolution":{"declared":true,"installed":true,"version":"3.13.2","resolution":"C:\\Users\\jasko\\OneDrive\\Pulpit\\Repozytoria\\ecommerce\\functions\\node_modules\\firebase-functions\\lib\\index.js"}} {"metadata":{"emulator":{"name":"functions"},"message":"[runtime-status] [33684] firebase-functions has been stubbed. {\"functionsResolution\":{\"declared\":true,\"installed\":true,\"version\":\"3.13.2\",\"resolution\":\"C:\\\\Users\\\\jasko\\\\OneDrive\\\\Pulpit\\\\Repozytoria\\\\ecommerce\\\\functions\\\\node_modules\\\\firebase-functions\\\\lib\\\\index.js\"}}"}}
[debug] [2021-04-13T13:23:17.966Z] [runtime-status] [33684] Resolved module firebase-functions {"declared":true,"installed":true,"version":"3.13.2","resolution":"C:\\Users\\jasko\\OneDrive\\Pulpit\\Repozytoria\\ecommerce\\functions\\node_modules\\firebase-functions\\lib\\index.js"} {"metadata":{"emulator":{"name":"functions"},"message":"[runtime-status] [33684] Resolved module firebase-functions {\"declared\":true,\"installed\":true,\"version\":\"3.13.2\",\"resolution\":\"C:\\\\Users\\\\jasko\\\\OneDrive\\\\Pulpit\\\\Repozytoria\\\\ecommerce\\\\functions\\\\node_modules\\\\firebase-functions\\\\lib\\\\index.js\"}"}}
[debug] [2021-04-13T13:23:17.971Z] [runtime-status] [33684] Resolved module firebase-admin {"declared":true,"installed":true,"version":"9.6.0","resolution":"C:\\Users\\jasko\\OneDrive\\Pulpit\\Repozytoria\\ecommerce\\functions\\node_modules\\firebase-admin\\lib\\index.js"} {"metadata":{"emulator":{"name":"functions"},"message":"[runtime-status] [33684] Resolved module firebase-admin {\"declared\":true,\"installed\":true,\"version\":\"9.6.0\",\"resolution\":\"C:\\\\Users\\\\jasko\\\\OneDrive\\\\Pulpit\\\\Repozytoria\\\\ecommerce\\\\functions\\\\node_modules\\\\firebase-admin\\\\lib\\\\index.js\"}"}}
[debug] [2021-04-13T13:23:17.973Z] [runtime-status] [33684] Resolved module firebase-functions {"declared":true,"installed":true,"version":"3.13.2","resolution":"C:\\Users\\jasko\\OneDrive\\Pulpit\\Repozytoria\\ecommerce\\functions\\node_modules\\firebase-functions\\lib\\index.js"} {"metadata":{"emulator":{"name":"functions"},"message":"[runtime-status] [33684] Resolved module firebase-functions {\"declared\":true,\"installed\":true,\"version\":\"3.13.2\",\"resolution\":\"C:\\\\Users\\\\jasko\\\\OneDrive\\\\Pulpit\\\\Repozytoria\\\\ecommerce\\\\functions\\\\node_modules\\\\firebase-functions\\\\lib\\\\index.js\"}"}}
[debug] [2021-04-13T13:23:17.973Z] [runtime-status] [33684] firebase-admin has been stubbed. {"adminResolution":{"declared":true,"installed":true,"version":"9.6.0","resolution":"C:\\Users\\jasko\\OneDrive\\Pulpit\\Repozytoria\\ecommerce\\functions\\node_modules\\firebase-admin\\lib\\index.js"}} {"metadata":{"emulator":{"name":"functions"},"message":"[runtime-status] [33684] firebase-admin has been stubbed. {\"adminResolution\":{\"declared\":true,\"installed\":true,\"version\":\"9.6.0\",\"resolution\":\"C:\\\\Users\\\\jasko\\\\OneDrive\\\\Pulpit\\\\Repozytoria\\\\ecommerce\\\\functions\\\\node_modules\\\\firebase-admin\\\\lib\\\\index.js\"}}"}}
[info] +  functions[api]: http function initialized (http://localhost:5001/ecommerce-website-867c6/us-central1/api). {"metadata":{"emulator":{"name":"functions"},"message":"\u001b[1mhttp\u001b[22m function initialized (http://localhost:5001/ecommerce-website-867c6/us-central1/api)."}}
[info] 
┌─────────────────────────────────────────────────────────────┐
│ ✔  All emulators ready! It is now safe to connect your app. │
│ i  View Emulator UI at http://localhost:4000                │
└─────────────────────────────────────────────────────────────┘

┌───────────┬────────────────┬─────────────────────────────────┐
│ Emulator  │ Host:Port      │ View in Emulator UI             │
├───────────┼────────────────┼─────────────────────────────────┤
│ Functions │ localhost:5001 │ http://localhost:4000/functions │
└───────────┴────────────────┴─────────────────────────────────┘
  Emulator Hub running at localhost:4400
  Other reserved ports: 4500

Issues? Report them at https://github.com/firebase/firebase-tools/issues and attach the *-debug.log files.
 
[debug] [2021-04-13T13:23:18.496Z] [worker-~diagnostic~-825e2a51-63a3-4b3a-af4a-5d8366c56834]: IDLE {"metadata":{"emulator":{"name":"functions"},"message":"[worker-~diagnostic~-825e2a51-63a3-4b3a-af4a-5d8366c56834]: IDLE"}}
[debug] [2021-04-13T14:26:49.892Z] [work-queue] {"queueLength":1,"workRunningCount":0}
[debug] [2021-04-13T14:26:49.898Z] [work-queue] {"queueLength":0,"workRunningCount":1}
[debug] [2021-04-13T14:26:49.900Z] Accepted request OPTIONS /ecommerce-website-867c6/us-central1/api/payments/create --> api
[debug] [2021-04-13T14:26:49.926Z] [worker-pool] addWorker(api) {"metadata":{"emulator":{"name":"functions"},"message":"[worker-pool] addWorker(api)"}}
[debug] [2021-04-13T14:26:49.927Z] [worker-pool] Adding worker with key api, total=1 {"metadata":{"emulator":{"name":"functions"},"message":"[worker-pool] Adding worker with key api, total=1"}}
[debug] [2021-04-13T14:26:49.927Z] [worker-pool] submitWork(triggerId=api) {"metadata":{"emulator":{"name":"functions"},"message":"[worker-pool] submitWork(triggerId=api)"}}
[debug] [2021-04-13T14:26:49.928Z] [worker-api-c2f142f8-db4c-44df-a893-2e8dac05f625]: Assigning socketPath: \\?\pipe\C:\Users\jasko\OneDrive\Pulpit\Repozytoria\ecommerce\functions\30300 {"metadata":{"emulator":{"name":"functions"},"message":"[worker-api-c2f142f8-db4c-44df-a893-2e8dac05f625]: Assigning socketPath: \\\\?\\pipe\\C:\\Users\\jasko\\OneDrive\\Pulpit\\Repozytoria\\ecommerce\\functions\\30300"}}
[debug] [2021-04-13T14:26:49.928Z] [worker-api-c2f142f8-db4c-44df-a893-2e8dac05f625]: BUSY {"metadata":{"emulator":{"name":"functions"},"message":"[worker-api-c2f142f8-db4c-44df-a893-2e8dac05f625]: BUSY"}}
[debug] [2021-04-13T14:26:50.283Z] [runtime-status] [30300] Functions runtime initialized. {"cwd":"C:\\Users\\jasko\\OneDrive\\Pulpit\\Repozytoria\\ecommerce\\functions","node_version":"14.16.0"} {"metadata":{"emulator":{"name":"functions"},"function":{"name":"api"},"message":"[runtime-status] [30300] Functions runtime initialized. {\"cwd\":\"C:\\\\Users\\\\jasko\\\\OneDrive\\\\Pulpit\\\\Repozytoria\\\\ecommerce\\\\functions\",\"node_version\":\"14.16.0\"}"}}
[debug] [2021-04-13T14:26:50.283Z] [runtime-status] [30300] Disabled runtime features: undefined {"metadata":{"emulator":{"name":"functions"},"function":{"name":"api"},"message":"[runtime-status] [30300] Disabled runtime features: undefined"}}
[debug] [2021-04-13T14:26:50.288Z] [runtime-status] [30300] Resolved module firebase-admin {"declared":true,"installed":true,"version":"9.6.0","resolution":"C:\\Users\\jasko\\OneDrive\\Pulpit\\Repozytoria\\ecommerce\\functions\\node_modules\\firebase-admin\\lib\\index.js"} {"metadata":{"emulator":{"name":"functions"},"function":{"name":"api"},"message":"[runtime-status] [30300] Resolved module firebase-admin {\"declared\":true,\"installed\":true,\"version\":\"9.6.0\",\"resolution\":\"C:\\\\Users\\\\jasko\\\\OneDrive\\\\Pulpit\\\\Repozytoria\\\\ecommerce\\\\functions\\\\node_modules\\\\firebase-admin\\\\lib\\\\index.js\"}"}}
[debug] [2021-04-13T14:26:50.291Z] [runtime-status] [30300] Resolved module firebase-functions {"declared":true,"installed":true,"version":"3.13.2","resolution":"C:\\Users\\jasko\\OneDrive\\Pulpit\\Repozytoria\\ecommerce\\functions\\node_modules\\firebase-functions\\lib\\index.js"} {"metadata":{"emulator":{"name":"functions"},"function":{"name":"api"},"message":"[runtime-status] [30300] Resolved module firebase-functions {\"declared\":true,\"installed\":true,\"version\":\"3.13.2\",\"resolution\":\"C:\\\\Users\\\\jasko\\\\OneDrive\\\\Pulpit\\\\Repozytoria\\\\ecommerce\\\\functions\\\\node_modules\\\\firebase-functions\\\\lib\\\\index.js\"}"}}
[debug] [2021-04-13T14:26:50.295Z] [runtime-status] [30300] Resolved module firebase-functions {"declared":true,"installed":true,"version":"3.13.2","resolution":"C:\\Users\\jasko\\OneDrive\\Pulpit\\Repozytoria\\ecommerce\\functions\\node_modules\\firebase-functions\\lib\\index.js"} {"metadata":{"emulator":{"name":"functions"},"function":{"name":"api"},"message":"[runtime-status] [30300] Resolved module firebase-functions {\"declared\":true,\"installed\":true,\"version\":\"3.13.2\",\"resolution\":\"C:\\\\Users\\\\jasko\\\\OneDrive\\\\Pulpit\\\\Repozytoria\\\\ecommerce\\\\functions\\\\node_modules\\\\firebase-functions\\\\lib\\\\index.js\"}"}}
[debug] [2021-04-13T14:26:50.297Z] [runtime-status] [30300] Outgoing network have been stubbed. [{"name":"http","status":"mocked"},{"name":"http","status":"mocked"},{"name":"https","status":"mocked"},{"name":"https","status":"mocked"},{"name":"net","status":"mocked"}] {"metadata":{"emulator":{"name":"functions"},"function":{"name":"api"},"message":"[runtime-status] [30300] Outgoing network have been stubbed. [{\"name\":\"http\",\"status\":\"mocked\"},{\"name\":\"http\",\"status\":\"mocked\"},{\"name\":\"https\",\"status\":\"mocked\"},{\"name\":\"https\",\"status\":\"mocked\"},{\"name\":\"net\",\"status\":\"mocked\"}]"}}
[debug] [2021-04-13T14:26:50.297Z] [runtime-status] [30300] Resolved module firebase-functions {"declared":true,"installed":true,"version":"3.13.2","resolution":"C:\\Users\\jasko\\OneDrive\\Pulpit\\Repozytoria\\ecommerce\\functions\\node_modules\\firebase-functions\\lib\\index.js"} {"metadata":{"emulator":{"name":"functions"},"function":{"name":"api"},"message":"[runtime-status] [30300] Resolved module firebase-functions {\"declared\":true,\"installed\":true,\"version\":\"3.13.2\",\"resolution\":\"C:\\\\Users\\\\jasko\\\\OneDrive\\\\Pulpit\\\\Repozytoria\\\\ecommerce\\\\functions\\\\node_modules\\\\firebase-functions\\\\lib\\\\index.js\"}"}}
[debug] [2021-04-13T14:26:50.357Z] [runtime-status] [30300] Checked functions.config() {"config":{}} {"metadata":{"emulator":{"name":"functions"},"function":{"name":"api"},"message":"[runtime-status] [30300] Checked functions.config() {\"config\":{}}"}}
[debug] [2021-04-13T14:26:50.357Z] [runtime-status] [30300] firebase-functions has been stubbed. {"functionsResolution":{"declared":true,"installed":true,"version":"3.13.2","resolution":"C:\\Users\\jasko\\OneDrive\\Pulpit\\Repozytoria\\ecommerce\\functions\\node_modules\\firebase-functions\\lib\\index.js"}} {"metadata":{"emulator":{"name":"functions"},"function":{"name":"api"},"message":"[runtime-status] [30300] firebase-functions has been stubbed. {\"functionsResolution\":{\"declared\":true,\"installed\":true,\"version\":\"3.13.2\",\"resolution\":\"C:\\\\Users\\\\jasko\\\\OneDrive\\\\Pulpit\\\\Repozytoria\\\\ecommerce\\\\functions\\\\node_modules\\\\firebase-functions\\\\lib\\\\index.js\"}}"}}
[debug] [2021-04-13T14:26:50.358Z] [runtime-status] [30300] Resolved module firebase-functions {"declared":true,"installed":true,"version":"3.13.2","resolution":"C:\\Users\\jasko\\OneDrive\\Pulpit\\Repozytoria\\ecommerce\\functions\\node_modules\\firebase-functions\\lib\\index.js"} {"metadata":{"emulator":{"name":"functions"},"function":{"name":"api"},"message":"[runtime-status] [30300] Resolved module firebase-functions {\"declared\":true,\"installed\":true,\"version\":\"3.13.2\",\"resolution\":\"C:\\\\Users\\\\jasko\\\\OneDrive\\\\Pulpit\\\\Repozytoria\\\\ecommerce\\\\functions\\\\node_modules\\\\firebase-functions\\\\lib\\\\index.js\"}"}}
[debug] [2021-04-13T14:26:50.360Z] [runtime-status] [30300] Resolved module firebase-admin {"declared":true,"installed":true,"version":"9.6.0","resolution":"C:\\Users\\jasko\\OneDrive\\Pulpit\\Repozytoria\\ecommerce\\functions\\node_modules\\firebase-admin\\lib\\index.js"} {"metadata":{"emulator":{"name":"functions"},"function":{"name":"api"},"message":"[runtime-status] [30300] Resolved module firebase-admin {\"declared\":true,\"installed\":true,\"version\":\"9.6.0\",\"resolution\":\"C:\\\\Users\\\\jasko\\\\OneDrive\\\\Pulpit\\\\Repozytoria\\\\ecommerce\\\\functions\\\\node_modules\\\\firebase-admin\\\\lib\\\\index.js\"}"}}
[debug] [2021-04-13T14:26:50.360Z] [runtime-status] [30300] Resolved module firebase-functions {"declared":true,"installed":true,"version":"3.13.2","resolution":"C:\\Users\\jasko\\OneDrive\\Pulpit\\Repozytoria\\ecommerce\\functions\\node_modules\\firebase-functions\\lib\\index.js"} {"metadata":{"emulator":{"name":"functions"},"function":{"name":"api"},"message":"[runtime-status] [30300] Resolved module firebase-functions {\"declared\":true,\"installed\":true,\"version\":\"3.13.2\",\"resolution\":\"C:\\\\Users\\\\jasko\\\\OneDrive\\\\Pulpit\\\\Repozytoria\\\\ecommerce\\\\functions\\\\node_modules\\\\firebase-functions\\\\lib\\\\index.js\"}"}}
[debug] [2021-04-13T14:26:50.361Z] [runtime-status] [30300] firebase-admin has been stubbed. {"adminResolution":{"declared":true,"installed":true,"version":"9.6.0","resolution":"C:\\Users\\jasko\\OneDrive\\Pulpit\\Repozytoria\\ecommerce\\functions\\node_modules\\firebase-admin\\lib\\index.js"}} {"metadata":{"emulator":{"name":"functions"},"function":{"name":"api"},"message":"[runtime-status] [30300] firebase-admin has been stubbed. {\"adminResolution\":{\"declared\":true,\"installed\":true,\"version\":\"9.6.0\",\"resolution\":\"C:\\\\Users\\\\jasko\\\\OneDrive\\\\Pulpit\\\\Repozytoria\\\\ecommerce\\\\functions\\\\node_modules\\\\firebase-admin\\\\lib\\\\index.js\"}}"}}
[debug] [2021-04-13T14:26:50.624Z] [runtime-status] [30300] Trigger "api" has been found, beginning invocation! {"metadata":{"emulator":{"name":"functions"},"function":{"name":"api"},"message":"[runtime-status] [30300] Trigger \"api\" has been found, beginning invocation!"}}
[info] i  functions: Beginning execution of "api" {"metadata":{"emulator":{"name":"functions"},"function":{"name":"api"},"message":"Beginning execution of \"api\""}}
[debug] [2021-04-13T14:26:50.627Z] [runtime-status] [30300] triggerDefinition {"httpsTrigger":{},"name":"api","entryPoint":"api"} {"metadata":{"emulator":{"name":"functions"},"function":{"name":"api"},"message":"[runtime-status] [30300] triggerDefinition {\"httpsTrigger\":{},\"name\":\"api\",\"entryPoint\":\"api\"}"}}
[debug] [2021-04-13T14:26:50.627Z] [runtime-status] [30300] Running api in mode HTTPS {"metadata":{"emulator":{"name":"functions"},"function":{"name":"api"},"message":"[runtime-status] [30300] Running api in mode HTTPS"}}
[debug] [2021-04-13T14:26:50.630Z] [runtime-status] [30300] Attempting to listen to socketPath: \\?\pipe\C:\Users\jasko\OneDrive\Pulpit\Repozytoria\ecommerce\functions\30300 {"metadata":{"emulator":{"name":"functions"},"function":{"name":"api"},"message":"[runtime-status] [30300] Attempting to listen to socketPath: \\\\?\\pipe\\C:\\Users\\jasko\\OneDrive\\Pulpit\\Repozytoria\\ecommerce\\functions\\30300"}}
[debug] [2021-04-13T14:26:50.637Z] [functions] Runtime ready! Sending request! {"metadata":{"emulator":{"name":"functions"},"message":"[functions] Runtime ready! Sending request!"}}
[debug] [2021-04-13T14:26:50.645Z] [functions] Got req.url=/ecommerce-website-867c6/us-central1/api/payments/create, mapping to path=/payments/create {"metadata":{"emulator":{"name":"functions"},"message":"[functions] Got req.url=/ecommerce-website-867c6/us-central1/api/payments/create, mapping to path=/payments/create"}}
[debug] [2021-04-13T14:26:50.655Z] [runtime-status] [30300] Ephemeral server handling OPTIONS request {"metadata":{"emulator":{"name":"functions"},"function":{"name":"api"},"message":"[runtime-status] [30300] Ephemeral server handling OPTIONS request"}}
[debug] [2021-04-13T14:26:50.661Z] [runtime-status] [30300] Ephemeral server survived. {"metadata":{"emulator":{"name":"functions"},"function":{"name":"api"},"message":"[runtime-status] [30300] Ephemeral server survived."}}
[debug] [2021-04-13T14:26:50.663Z] [work-queue] {"queueLength":1,"workRunningCount":1}
[debug] [2021-04-13T14:26:50.664Z] [work-queue] {"queueLength":0,"workRunningCount":2}
[debug] [2021-04-13T14:26:50.664Z] Accepted request POST /ecommerce-website-867c6/us-central1/api/payments/create --> api
[debug] [2021-04-13T14:26:50.674Z] [worker-pool] addWorker(api) {"metadata":{"emulator":{"name":"functions"},"message":"[worker-pool] addWorker(api)"}}
[debug] [2021-04-13T14:26:50.674Z] [worker-pool] Adding worker with key api, total=2 {"metadata":{"emulator":{"name":"functions"},"message":"[worker-pool] Adding worker with key api, total=2"}}
[debug] [2021-04-13T14:26:50.674Z] [worker-pool] submitWork(triggerId=api) {"metadata":{"emulator":{"name":"functions"},"message":"[worker-pool] submitWork(triggerId=api)"}}
[debug] [2021-04-13T14:26:50.674Z] [worker-api-0f1685bc-9cb1-45ae-93f6-2b0d9e0b437c]: Assigning socketPath: \\?\pipe\C:\Users\jasko\OneDrive\Pulpit\Repozytoria\ecommerce\functions\34728 {"metadata":{"emulator":{"name":"functions"},"message":"[worker-api-0f1685bc-9cb1-45ae-93f6-2b0d9e0b437c]: Assigning socketPath: \\\\?\\pipe\\C:\\Users\\jasko\\OneDrive\\Pulpit\\Repozytoria\\ecommerce\\functions\\34728"}}
[debug] [2021-04-13T14:26:50.675Z] [worker-api-0f1685bc-9cb1-45ae-93f6-2b0d9e0b437c]: BUSY {"metadata":{"emulator":{"name":"functions"},"message":"[worker-api-0f1685bc-9cb1-45ae-93f6-2b0d9e0b437c]: BUSY"}}
[info] i  functions: Finished "api" in ~1s {"metadata":{"emulator":{"name":"functions"},"function":{"name":"api"},"message":"Finished \"api\" in ~1s"}}
[debug] [2021-04-13T14:26:50.677Z] [worker-api-c2f142f8-db4c-44df-a893-2e8dac05f625]: IDLE {"metadata":{"emulator":{"name":"functions"},"message":"[worker-api-c2f142f8-db4c-44df-a893-2e8dac05f625]: IDLE"}}
[debug] [2021-04-13T14:26:50.677Z] [work-queue] {"queueLength":0,"workRunningCount":1}
[debug] [2021-04-13T14:26:50.995Z] [runtime-status] [34728] Functions runtime initialized. {"cwd":"C:\\Users\\jasko\\OneDrive\\Pulpit\\Repozytoria\\ecommerce\\functions","node_version":"14.16.0"} {"metadata":{"emulator":{"name":"functions"},"function":{"name":"api"},"message":"[runtime-status] [34728] Functions runtime initialized. {\"cwd\":\"C:\\\\Users\\\\jasko\\\\OneDrive\\\\Pulpit\\\\Repozytoria\\\\ecommerce\\\\functions\",\"node_version\":\"14.16.0\"}"}}
[debug] [2021-04-13T14:26:50.998Z] [runtime-status] [34728] Disabled runtime features: undefined {"metadata":{"emulator":{"name":"functions"},"function":{"name":"api"},"message":"[runtime-status] [34728] Disabled runtime features: undefined"}}
[debug] [2021-04-13T14:26:51.005Z] [runtime-status] [34728] Resolved module firebase-admin {"declared":true,"installed":true,"version":"9.6.0","resolution":"C:\\Users\\jasko\\OneDrive\\Pulpit\\Repozytoria\\ecommerce\\functions\\node_modules\\firebase-admin\\lib\\index.js"} {"metadata":{"emulator":{"name":"functions"},"function":{"name":"api"},"message":"[runtime-status] [34728] Resolved module firebase-admin {\"declared\":true,\"installed\":true,\"version\":\"9.6.0\",\"resolution\":\"C:\\\\Users\\\\jasko\\\\OneDrive\\\\Pulpit\\\\Repozytoria\\\\ecommerce\\\\functions\\\\node_modules\\\\firebase-admin\\\\lib\\\\index.js\"}"}}
[debug] [2021-04-13T14:26:51.011Z] [runtime-status] [34728] Resolved module firebase-functions {"declared":true,"installed":true,"version":"3.13.2","resolution":"C:\\Users\\jasko\\OneDrive\\Pulpit\\Repozytoria\\ecommerce\\functions\\node_modules\\firebase-functions\\lib\\index.js"} {"metadata":{"emulator":{"name":"functions"},"function":{"name":"api"},"message":"[runtime-status] [34728] Resolved module firebase-functions {\"declared\":true,\"installed\":true,\"version\":\"3.13.2\",\"resolution\":\"C:\\\\Users\\\\jasko\\\\OneDrive\\\\Pulpit\\\\Repozytoria\\\\ecommerce\\\\functions\\\\node_modules\\\\firebase-functions\\\\lib\\\\index.js\"}"}}
[debug] [2021-04-13T14:26:51.015Z] [runtime-status] [34728] Resolved module firebase-functions {"declared":true,"installed":true,"version":"3.13.2","resolution":"C:\\Users\\jasko\\OneDrive\\Pulpit\\Repozytoria\\ecommerce\\functions\\node_modules\\firebase-functions\\lib\\index.js"} {"metadata":{"emulator":{"name":"functions"},"function":{"name":"api"},"message":"[runtime-status] [34728] Resolved module firebase-functions {\"declared\":true,\"installed\":true,\"version\":\"3.13.2\",\"resolution\":\"C:\\\\Users\\\\jasko\\\\OneDrive\\\\Pulpit\\\\Repozytoria\\\\ecommerce\\\\functions\\\\node_modules\\\\firebase-functions\\\\lib\\\\index.js\"}"}}
[debug] [2021-04-13T14:26:51.018Z] [runtime-status] [34728] Outgoing network have been stubbed. [{"name":"http","status":"mocked"},{"name":"http","status":"mocked"},{"name":"https","status":"mocked"},{"name":"https","status":"mocked"},{"name":"net","status":"mocked"}] {"metadata":{"emulator":{"name":"functions"},"function":{"name":"api"},"message":"[runtime-status] [34728] Outgoing network have been stubbed. [{\"name\":\"http\",\"status\":\"mocked\"},{\"name\":\"http\",\"status\":\"mocked\"},{\"name\":\"https\",\"status\":\"mocked\"},{\"name\":\"https\",\"status\":\"mocked\"},{\"name\":\"net\",\"status\":\"mocked\"}]"}}
[debug] [2021-04-13T14:26:51.020Z] [runtime-status] [34728] Resolved module firebase-functions {"declared":true,"installed":true,"version":"3.13.2","resolution":"C:\\Users\\jasko\\OneDrive\\Pulpit\\Repozytoria\\ecommerce\\functions\\node_modules\\firebase-functions\\lib\\index.js"} {"metadata":{"emulator":{"name":"functions"},"function":{"name":"api"},"message":"[runtime-status] [34728] Resolved module firebase-functions {\"declared\":true,\"installed\":true,\"version\":\"3.13.2\",\"resolution\":\"C:\\\\Users\\\\jasko\\\\OneDrive\\\\Pulpit\\\\Repozytoria\\\\ecommerce\\\\functions\\\\node_modules\\\\firebase-functions\\\\lib\\\\index.js\"}"}}
[debug] [2021-04-13T14:26:51.113Z] [runtime-status] [34728] Checked functions.config() {"config":{}} {"metadata":{"emulator":{"name":"functions"},"function":{"name":"api"},"message":"[runtime-status] [34728] Checked functions.config() {\"config\":{}}"}}
[debug] [2021-04-13T14:26:51.113Z] [runtime-status] [34728] firebase-functions has been stubbed. {"functionsResolution":{"declared":true,"installed":true,"version":"3.13.2","resolution":"C:\\Users\\jasko\\OneDrive\\Pulpit\\Repozytoria\\ecommerce\\functions\\node_modules\\firebase-functions\\lib\\index.js"}} {"metadata":{"emulator":{"name":"functions"},"function":{"name":"api"},"message":"[runtime-status] [34728] firebase-functions has been stubbed. {\"functionsResolution\":{\"declared\":true,\"installed\":true,\"version\":\"3.13.2\",\"resolution\":\"C:\\\\Users\\\\jasko\\\\OneDrive\\\\Pulpit\\\\Repozytoria\\\\ecommerce\\\\functions\\\\node_modules\\\\firebase-functions\\\\lib\\\\index.js\"}}"}}
[debug] [2021-04-13T14:26:51.114Z] [runtime-status] [34728] Resolved module firebase-functions {"declared":true,"installed":true,"version":"3.13.2","resolution":"C:\\Users\\jasko\\OneDrive\\Pulpit\\Repozytoria\\ecommerce\\functions\\node_modules\\firebase-functions\\lib\\index.js"} {"metadata":{"emulator":{"name":"functions"},"function":{"name":"api"},"message":"[runtime-status] [34728] Resolved module firebase-functions {\"declared\":true,\"installed\":true,\"version\":\"3.13.2\",\"resolution\":\"C:\\\\Users\\\\jasko\\\\OneDrive\\\\Pulpit\\\\Repozytoria\\\\ecommerce\\\\functions\\\\node_modules\\\\firebase-functions\\\\lib\\\\index.js\"}"}}
[debug] [2021-04-13T14:26:51.117Z] [runtime-status] [34728] Resolved module firebase-admin {"declared":true,"installed":true,"version":"9.6.0","resolution":"C:\\Users\\jasko\\OneDrive\\Pulpit\\Repozytoria\\ecommerce\\functions\\node_modules\\firebase-admin\\lib\\index.js"} {"metadata":{"emulator":{"name":"functions"},"function":{"name":"api"},"message":"[runtime-status] [34728] Resolved module firebase-admin {\"declared\":true,\"installed\":true,\"version\":\"9.6.0\",\"resolution\":\"C:\\\\Users\\\\jasko\\\\OneDrive\\\\Pulpit\\\\Repozytoria\\\\ecommerce\\\\functions\\\\node_modules\\\\firebase-admin\\\\lib\\\\index.js\"}"}}
[debug] [2021-04-13T14:26:51.118Z] [runtime-status] [34728] Resolved module firebase-functions {"declared":true,"installed":true,"version":"3.13.2","resolution":"C:\\Users\\jasko\\OneDrive\\Pulpit\\Repozytoria\\ecommerce\\functions\\node_modules\\firebase-functions\\lib\\index.js"} {"metadata":{"emulator":{"name":"functions"},"function":{"name":"api"},"message":"[runtime-status] [34728] Resolved module firebase-functions {\"declared\":true,\"installed\":true,\"version\":\"3.13.2\",\"resolution\":\"C:\\\\Users\\\\jasko\\\\OneDrive\\\\Pulpit\\\\Repozytoria\\\\ecommerce\\\\functions\\\\node_modules\\\\firebase-functions\\\\lib\\\\index.js\"}"}}
[debug] [2021-04-13T14:26:51.118Z] [runtime-status] [34728] firebase-admin has been stubbed. {"adminResolution":{"declared":true,"installed":true,"version":"9.6.0","resolution":"C:\\Users\\jasko\\OneDrive\\Pulpit\\Repozytoria\\ecommerce\\functions\\node_modules\\firebase-admin\\lib\\index.js"}} {"metadata":{"emulator":{"name":"functions"},"function":{"name":"api"},"message":"[runtime-status] [34728] firebase-admin has been stubbed. {\"adminResolution\":{\"declared\":true,\"installed\":true,\"version\":\"9.6.0\",\"resolution\":\"C:\\\\Users\\\\jasko\\\\OneDrive\\\\Pulpit\\\\Repozytoria\\\\ecommerce\\\\functions\\\\node_modules\\\\firebase-admin\\\\lib\\\\index.js\"}}"}}
[debug] [2021-04-13T14:26:51.469Z] [runtime-status] [34728] Trigger "api" has been found, beginning invocation! {"metadata":{"emulator":{"name":"functions"},"function":{"name":"api"},"message":"[runtime-status] [34728] Trigger \"api\" has been found, beginning invocation!"}}
[info] i  functions: Beginning execution of "api" {"metadata":{"emulator":{"name":"functions"},"function":{"name":"api"},"message":"Beginning execution of \"api\""}}
[debug] [2021-04-13T14:26:51.470Z] [runtime-status] [34728] triggerDefinition {"httpsTrigger":{},"name":"api","entryPoint":"api"} {"metadata":{"emulator":{"name":"functions"},"function":{"name":"api"},"message":"[runtime-status] [34728] triggerDefinition {\"httpsTrigger\":{},\"name\":\"api\",\"entryPoint\":\"api\"}"}}
[debug] [2021-04-13T14:26:51.470Z] [runtime-status] [34728] Running api in mode HTTPS {"metadata":{"emulator":{"name":"functions"},"function":{"name":"api"},"message":"[runtime-status] [34728] Running api in mode HTTPS"}}
[debug] [2021-04-13T14:26:51.481Z] [runtime-status] [34728] Attempting to listen to socketPath: \\?\pipe\C:\Users\jasko\OneDrive\Pulpit\Repozytoria\ecommerce\functions\34728 {"metadata":{"emulator":{"name":"functions"},"function":{"name":"api"},"message":"[runtime-status] [34728] Attempting to listen to socketPath: \\\\?\\pipe\\C:\\Users\\jasko\\OneDrive\\Pulpit\\Repozytoria\\ecommerce\\functions\\34728"}}
[debug] [2021-04-13T14:26:51.485Z] [functions] Runtime ready! Sending request! {"metadata":{"emulator":{"name":"functions"},"message":"[functions] Runtime ready! Sending request!"}}
[debug] [2021-04-13T14:26:51.486Z] [functions] Got req.url=/ecommerce-website-867c6/us-central1/api/payments/create, mapping to path=/payments/create {"metadata":{"emulator":{"name":"functions"},"message":"[functions] Got req.url=/ecommerce-website-867c6/us-central1/api/payments/create, mapping to path=/payments/create"}}
[debug] [2021-04-13T14:26:51.564Z] [runtime-status] [34728] Ephemeral server handling POST request {"metadata":{"emulator":{"name":"functions"},"function":{"name":"api"},"message":"[runtime-status] [34728] Ephemeral server handling POST request"}}
[debug] [2021-04-13T14:26:52.863Z] [runtime-status] [34728] Ephemeral server survived. {"metadata":{"emulator":{"name":"functions"},"function":{"name":"api"},"message":"[runtime-status] [34728] Ephemeral server survived."}}
[info] i  functions: Finished "api" in ~1s {"metadata":{"emulator":{"name":"functions"},"function":{"name":"api"},"message":"Finished \"api\" in ~1s"}}
[debug] [2021-04-13T14:26:53.557Z] [worker-api-0f1685bc-9cb1-45ae-93f6-2b0d9e0b437c]: IDLE {"metadata":{"emulator":{"name":"functions"},"message":"[worker-api-0f1685bc-9cb1-45ae-93f6-2b0d9e0b437c]: IDLE"}}
[debug] [2021-04-13T14:26:53.557Z] [work-queue] {"queueLength":0,"workRunningCount":0}
[debug] [2021-04-13T14:28:39.936Z] [work-queue] {"queueLength":1,"workRunningCount":0}
[debug] [2021-04-13T14:28:39.937Z] [work-queue] {"queueLength":0,"workRunningCount":1}
[debug] [2021-04-13T14:28:39.937Z] Accepted request OPTIONS /ecommerce-website-867c6/us-central1/api/payments/create --> api
[debug] [2021-04-13T14:28:39.937Z] [worker-pool] submitWork(triggerId=api) {"metadata":{"emulator":{"name":"functions"},"message":"[worker-pool] submitWork(triggerId=api)"}}
[debug] [2021-04-13T14:28:39.937Z] [worker-api-c2f142f8-db4c-44df-a893-2e8dac05f625]: Assigning socketPath: \\?\pipe\C:\Users\jasko\OneDrive\Pulpit\Repozytoria\ecommerce\functions\30300 {"metadata":{"emulator":{"name":"functions"},"message":"[worker-api-c2f142f8-db4c-44df-a893-2e8dac05f625]: Assigning socketPath: \\\\?\\pipe\\C:\\Users\\jasko\\OneDrive\\Pulpit\\Repozytoria\\ecommerce\\functions\\30300"}}
[debug] [2021-04-13T14:28:39.937Z] [worker-api-c2f142f8-db4c-44df-a893-2e8dac05f625]: BUSY {"metadata":{"emulator":{"name":"functions"},"message":"[worker-api-c2f142f8-db4c-44df-a893-2e8dac05f625]: BUSY"}}
[debug] [2021-04-13T14:28:39.938Z] [runtime-status] [30300] Trigger "api" has been found, beginning invocation! {"metadata":{"emulator":{"name":"functions"},"function":{"name":"api"},"message":"[runtime-status] [30300] Trigger \"api\" has been found, beginning invocation!"}}
[info] i  functions: Beginning execution of "api" {"metadata":{"emulator":{"name":"functions"},"function":{"name":"api"},"message":"Beginning execution of \"api\""}}
[debug] [2021-04-13T14:28:39.939Z] [runtime-status] [30300] triggerDefinition {"httpsTrigger":{},"name":"api","entryPoint":"api"} {"metadata":{"emulator":{"name":"functions"},"function":{"name":"api"},"message":"[runtime-status] [30300] triggerDefinition {\"httpsTrigger\":{},\"name\":\"api\",\"entryPoint\":\"api\"}"}}
[debug] [2021-04-13T14:28:39.940Z] [runtime-status] [30300] Running api in mode HTTPS {"metadata":{"emulator":{"name":"functions"},"function":{"name":"api"},"message":"[runtime-status] [30300] Running api in mode HTTPS"}}
[debug] [2021-04-13T14:28:39.940Z] [runtime-status] [30300] Attempting to listen to socketPath: \\?\pipe\C:\Users\jasko\OneDrive\Pulpit\Repozytoria\ecommerce\functions\30300 {"metadata":{"emulator":{"name":"functions"},"function":{"name":"api"},"message":"[runtime-status] [30300] Attempting to listen to socketPath: \\\\?\\pipe\\C:\\Users\\jasko\\OneDrive\\Pulpit\\Repozytoria\\ecommerce\\functions\\30300"}}
[debug] [2021-04-13T14:28:39.942Z] [functions] Runtime ready! Sending request! {"metadata":{"emulator":{"name":"functions"},"message":"[functions] Runtime ready! Sending request!"}}
[debug] [2021-04-13T14:28:39.942Z] [functions] Got req.url=/ecommerce-website-867c6/us-central1/api/payments/create, mapping to path=/payments/create {"metadata":{"emulator":{"name":"functions"},"message":"[functions] Got req.url=/ecommerce-website-867c6/us-central1/api/payments/create, mapping to path=/payments/create"}}
[debug] [2021-04-13T14:28:39.946Z] [runtime-status] [30300] Ephemeral server handling OPTIONS request {"metadata":{"emulator":{"name":"functions"},"function":{"name":"api"},"message":"[runtime-status] [30300] Ephemeral server handling OPTIONS request"}}
[debug] [2021-04-13T14:28:39.948Z] [runtime-status] [30300] Ephemeral server survived. {"metadata":{"emulator":{"name":"functions"},"function":{"name":"api"},"message":"[runtime-status] [30300] Ephemeral server survived."}}
[info] i  functions: Finished "api" in ~1s {"metadata":{"emulator":{"name":"functions"},"function":{"name":"api"},"message":"Finished \"api\" in ~1s"}}
[debug] [2021-04-13T14:28:39.950Z] [worker-api-c2f142f8-db4c-44df-a893-2e8dac05f625]: IDLE {"metadata":{"emulator":{"name":"functions"},"message":"[worker-api-c2f142f8-db4c-44df-a893-2e8dac05f625]: IDLE"}}
[debug] [2021-04-13T14:28:39.950Z] [work-queue] {"queueLength":0,"workRunningCount":0}
[debug] [2021-04-13T14:28:39.961Z] [work-queue] {"queueLength":1,"workRunningCount":0}
[debug] [2021-04-13T14:28:39.961Z] [work-queue] {"queueLength":0,"workRunningCount":1}
[debug] [2021-04-13T14:28:39.961Z] Accepted request POST /ecommerce-website-867c6/us-central1/api/payments/create --> api
[debug] [2021-04-13T14:28:39.961Z] [worker-pool] submitWork(triggerId=api) {"metadata":{"emulator":{"name":"functions"},"message":"[worker-pool] submitWork(triggerId=api)"}}
[debug] [2021-04-13T14:28:39.962Z] [worker-api-c2f142f8-db4c-44df-a893-2e8dac05f625]: Assigning socketPath: \\?\pipe\C:\Users\jasko\OneDrive\Pulpit\Repozytoria\ecommerce\functions\30300 {"metadata":{"emulator":{"name":"functions"},"message":"[worker-api-c2f142f8-db4c-44df-a893-2e8dac05f625]: Assigning socketPath: \\\\?\\pipe\\C:\\Users\\jasko\\OneDrive\\Pulpit\\Repozytoria\\ecommerce\\functions\\30300"}}
[debug] [2021-04-13T14:28:39.962Z] [worker-api-c2f142f8-db4c-44df-a893-2e8dac05f625]: BUSY {"metadata":{"emulator":{"name":"functions"},"message":"[worker-api-c2f142f8-db4c-44df-a893-2e8dac05f625]: BUSY"}}
[debug] [2021-04-13T14:28:39.963Z] [runtime-status] [30300] Trigger "api" has been found, beginning invocation! {"metadata":{"emulator":{"name":"functions"},"function":{"name":"api"},"message":"[runtime-status] [30300] Trigger \"api\" has been found, beginning invocation!"}}
[info] i  functions: Beginning execution of "api" {"metadata":{"emulator":{"name":"functions"},"function":{"name":"api"},"message":"Beginning execution of \"api\""}}
[debug] [2021-04-13T14:28:39.964Z] [runtime-status] [30300] triggerDefinition {"httpsTrigger":{},"name":"api","entryPoint":"api"} {"metadata":{"emulator":{"name":"functions"},"function":{"name":"api"},"message":"[runtime-status] [30300] triggerDefinition {\"httpsTrigger\":{},\"name\":\"api\",\"entryPoint\":\"api\"}"}}
[debug] [2021-04-13T14:28:39.965Z] [runtime-status] [30300] Running api in mode HTTPS {"metadata":{"emulator":{"name":"functions"},"function":{"name":"api"},"message":"[runtime-status] [30300] Running api in mode HTTPS"}}
[debug] [2021-04-13T14:28:39.965Z] [runtime-status] [30300] Attempting to listen to socketPath: \\?\pipe\C:\Users\jasko\OneDrive\Pulpit\Repozytoria\ecommerce\functions\30300 {"metadata":{"emulator":{"name":"functions"},"function":{"name":"api"},"message":"[runtime-status] [30300] Attempting to listen to socketPath: \\\\?\\pipe\\C:\\Users\\jasko\\OneDrive\\Pulpit\\Repozytoria\\ecommerce\\functions\\30300"}}
[debug] [2021-04-13T14:28:39.971Z] [functions] Runtime ready! Sending request! {"metadata":{"emulator":{"name":"functions"},"message":"[functions] Runtime ready! Sending request!"}}
[debug] [2021-04-13T14:28:39.972Z] [functions] Got req.url=/ecommerce-website-867c6/us-central1/api/payments/create, mapping to path=/payments/create {"metadata":{"emulator":{"name":"functions"},"message":"[functions] Got req.url=/ecommerce-website-867c6/us-central1/api/payments/create, mapping to path=/payments/create"}}
[debug] [2021-04-13T14:28:40.012Z] [runtime-status] [30300] Ephemeral server handling POST request {"metadata":{"emulator":{"name":"functions"},"function":{"name":"api"},"message":"[runtime-status] [30300] Ephemeral server handling POST request"}}
[debug] [2021-04-13T14:28:40.101Z] [runtime-status] [30300] Ephemeral server survived. {"metadata":{"emulator":{"name":"functions"},"function":{"name":"api"},"message":"[runtime-status] [30300] Ephemeral server survived."}}
[info] i  functions: Finished "api" in ~1s {"metadata":{"emulator":{"name":"functions"},"function":{"name":"api"},"message":"Finished \"api\" in ~1s"}}
[debug] [2021-04-13T14:28:40.789Z] [worker-api-c2f142f8-db4c-44df-a893-2e8dac05f625]: IDLE {"metadata":{"emulator":{"name":"functions"},"message":"[worker-api-c2f142f8-db4c-44df-a893-2e8dac05f625]: IDLE"}}
[debug] [2021-04-13T14:28:40.790Z] [work-queue] {"queueLength":0,"workRunningCount":0}
[debug] [2021-04-13T14:34:57.824Z] [worker-api-0f1685bc-9cb1-45ae-93f6-2b0d9e0b437c]: exited {"metadata":{"emulator":{"name":"functions"},"message":"[worker-api-0f1685bc-9cb1-45ae-93f6-2b0d9e0b437c]: exited"}}
[debug] [2021-04-13T14:34:57.825Z] [worker-api-0f1685bc-9cb1-45ae-93f6-2b0d9e0b437c]: FINISHED {"metadata":{"emulator":{"name":"functions"},"message":"[worker-api-0f1685bc-9cb1-45ae-93f6-2b0d9e0b437c]: FINISHED"}}
[debug] [2021-04-13T14:34:57.836Z] [worker-~diagnostic~-825e2a51-63a3-4b3a-af4a-5d8366c56834]: exited {"metadata":{"emulator":{"name":"functions"},"message":"[worker-~diagnostic~-825e2a51-63a3-4b3a-af4a-5d8366c56834]: exited"}}
[debug] [2021-04-13T14:34:57.836Z] [worker-~diagnostic~-825e2a51-63a3-4b3a-af4a-5d8366c56834]: FINISHED {"metadata":{"emulator":{"name":"functions"},"message":"[worker-~diagnostic~-825e2a51-63a3-4b3a-af4a-5d8366c56834]: FINISHED"}}
[debug] [2021-04-13T14:34:57.841Z] Received signal SIGHUP 1
